-------------------------------------------------------------------------------
Test set: com.wave.backend.BackendApplicationTests
-------------------------------------------------------------------------------
Tests run: 1, Failures: 0, Errors: 1, Skipped: 0, Time elapsed: 1.424 s <<< FAILURE! - in com.wave.backend.BackendApplicationTests
test  Time elapsed: 0.001 s  <<< ERROR!
java.lang.IllegalStateException: Failed to load ApplicationContext
Caused by: org.springframework.beans.factory.BeanCreationException: Error creating bean with name 'kafkaTemplateConfig': Injection of autowired dependencies failed; nested exception is java.lang.IllegalArgumentException: Could not resolve placeholder 'spring.kafka.servers' in value "${spring.kafka.servers}"
Caused by: java.lang.IllegalArgumentException: Could not resolve placeholder 'spring.kafka.servers' in value "${spring.kafka.servers}"

